<?xml version="1.0" encoding="UTF-8"?>
<robot generator="Robot 7.0 (Python 3.12.3 on win32)" generated="2024-05-28T15:37:56.711649" rpa="false" schemaversion="5">
<suite id="s1" name="indicacaoPage" source="c:\Users\nanic\OneDrive\Área de Trabalho\QA\atividade9\android\features\indicacaoPage.robot">
<test id="s1-t1" name="CT003 - Deve permitir que o usuário convide amigos ao clicar no botão roxo de indicar amigos" line="21">
<kw name="Abrir App" owner="config" type="SETUP">
<kw name="Open Application" owner="AppiumLibrary">
<arg>http://127.0.0.1:4723</arg>
<arg>automationName=${ANDROID_AUTOMATION_NAME}</arg>
<arg>platformName=${ANDROID_PLATFORM_NAME}</arg>
<arg>platformVersion=${ANDROID_PLATFORM_VERSION}</arg>
<arg>appActivity=${ANDROID_APP_ACTIVITY}</arg>
<arg>appPackage=${ANDROID_APP_PACKAGE}</arg>
<doc>Opens a new application to given Appium server.
Capabilities of appium server, Android and iOS,
Please check https://github.com/appium/appium/blob/master/docs/en/writing-running-appium/server-args.md
| *Option*            | *Man.* | *Description*     |
| remote_url          | Yes    | Appium server url |
| alias               | no     | alias             |
| strict_ssl          | No     | allows you to send commands to an invalid certificate host like a self-signed one. |</doc>
<status status="PASS" start="2024-05-28T15:37:56.896037" elapsed="7.064524"/>
</kw>
<status status="PASS" start="2024-05-28T15:37:56.896037" elapsed="7.064524"/>
</kw>
<kw name="Dado que o cliente está na página inicial" owner="nuPage">
<kw name="Wait Until Element Is Visible" owner="AppiumLibrary">
<msg time="2024-05-28T15:38:04.680892" level="INFO">xpath criteria: //android.widget.ScrollView</msg>
<arg>${PAGINA_INICIAL}</arg>
<doc>Waits until element specified with `locator` is visible.</doc>
<status status="PASS" start="2024-05-28T15:38:03.962162" elapsed="0.720300"/>
</kw>
<status status="PASS" start="2024-05-28T15:38:03.961561" elapsed="0.720901"/>
</kw>
<kw name="E ele arrasta a tela para baixo" owner="nuPage">
<kw name="Swipe By Percent" owner="AppiumLibrary">
<arg>60</arg>
<arg>85</arg>
<arg>60</arg>
<arg>-5</arg>
<arg>3000</arg>
<doc>Swipe from one percent of the screen to another percent, for an optional duration.
Normal swipe fails to scale for different screen resolutions, this can be avoided using percent.</doc>
<status status="PASS" start="2024-05-28T15:38:04.683395" elapsed="3.325804"/>
</kw>
<status status="PASS" start="2024-05-28T15:38:04.682462" elapsed="3.326737"/>
</kw>
<kw name="E navega no último carrossel" owner="nuPage">
<kw name="Wait Until Page Contains Element" owner="AppiumLibrary">
<msg time="2024-05-28T15:38:09.251856" level="INFO">xpath criteria: //android.view.View[contains(@content-desc,"WhatsApp")]</msg>
<arg>${CAMPO_WPP}</arg>
<doc>Waits until element specified with `locator` appears on current page.</doc>
<status status="PASS" start="2024-05-28T15:38:08.010781" elapsed="1.241075"/>
</kw>
<kw name="Swipe By Percent" owner="AppiumLibrary">
<arg>80</arg>
<arg>90</arg>
<arg>30</arg>
<arg>90</arg>
<arg>1000</arg>
<doc>Swipe from one percent of the screen to another percent, for an optional duration.
Normal swipe fails to scale for different screen resolutions, this can be avoided using percent.</doc>
<status status="PASS" start="2024-05-28T15:38:09.252856" elapsed="1.303862"/>
</kw>
<status status="PASS" start="2024-05-28T15:38:08.010200" elapsed="2.546518"/>
</kw>
<kw name="Quando ele clica no botão roxo no campo de indique seus amigos" owner="nuPage">
<kw name="Espera o elemento e clica nele" owner="commons">
<kw name="Wait Until Element Is Visible" owner="AppiumLibrary">
<msg time="2024-05-28T15:38:11.835730" level="INFO">xpath criteria: //android.view.View[@content-desc="Indicar amigos"]</msg>
<arg>${elemento}</arg>
<doc>Waits until element specified with `locator` is visible.</doc>
<status status="PASS" start="2024-05-28T15:38:10.557719" elapsed="1.278011"/>
</kw>
<kw name="Click Element" owner="AppiumLibrary">
<msg time="2024-05-28T15:38:11.838730" level="INFO">Clicking element 'xpath=//android.view.View[@content-desc="Indicar amigos"]'.</msg>
<msg time="2024-05-28T15:38:11.911977" level="INFO">xpath criteria: //android.view.View[@content-desc="Indicar amigos"]</msg>
<arg>${elemento}</arg>
<doc>Click element identified by `locator`.</doc>
<status status="PASS" start="2024-05-28T15:38:11.835730" elapsed="0.076247"/>
</kw>
<arg>${BTN_INDICAR_AMIGOS}</arg>
<status status="PASS" start="2024-05-28T15:38:10.556718" elapsed="1.355259"/>
</kw>
<status status="PASS" start="2024-05-28T15:38:10.556718" elapsed="1.355259"/>
</kw>
<kw name="Então ele pode visualizar as informações do campo de convite de amigos" owner="nuPage">
<kw name="Espera o elemento e verifica conteúdo" owner="commons">
<kw name="Wait Until Element Is Visible" owner="AppiumLibrary">
<msg time="2024-05-28T15:38:12.783880" level="INFO">xpath criteria: //android.widget.ImageView[contains(@content-desc,"Resgate seus amigos da fila do banco")]</msg>
<arg>${elemento}</arg>
<doc>Waits until element specified with `locator` is visible.</doc>
<status status="PASS" start="2024-05-28T15:38:11.912977" elapsed="0.871468"/>
</kw>
<kw name="Element Should Be Visible" owner="AppiumLibrary">
<msg time="2024-05-28T15:38:12.817737" level="INFO">xpath criteria: //android.widget.ImageView[contains(@content-desc,"Resgate seus amigos da fila do banco")]</msg>
<arg>${elemento}</arg>
<arg>${texto}</arg>
<doc>Verifies that element identified with locator is visible.</doc>
<status status="PASS" start="2024-05-28T15:38:12.784445" elapsed="0.033292"/>
</kw>
<arg>${TEXTS_AMIGOS}</arg>
<arg>'Resgate seus amigos da fila do banco Para cada indicação aceita, um amigo salvo da burocracia'</arg>
<status status="PASS" start="2024-05-28T15:38:11.912977" elapsed="0.904760"/>
</kw>
<kw name="Espera o elemento e espera que esteja desabilitado" owner="commons">
<kw name="Wait Until Element Is Visible" owner="AppiumLibrary">
<msg time="2024-05-28T15:38:12.855872" level="INFO">xpath criteria: //android.widget.Button[@content-desc="INDICAR AMIGOS"]</msg>
<arg>${elemento}</arg>
<doc>Waits until element specified with `locator` is visible.</doc>
<status status="PASS" start="2024-05-28T15:38:12.818734" elapsed="0.037138"/>
</kw>
<kw name="Element Should Be Disabled" owner="AppiumLibrary">
<msg time="2024-05-28T15:38:12.891165" level="INFO">Element 'xpath=//android.widget.Button[@content-desc="INDICAR AMIGOS"]' is disabled .</msg>
<msg time="2024-05-28T15:38:12.891165" level="INFO">xpath criteria: //android.widget.Button[@content-desc="INDICAR AMIGOS"]</msg>
<arg>${elemento}</arg>
<doc>Verifies that element identified with locator is disabled.</doc>
<status status="PASS" start="2024-05-28T15:38:12.855872" elapsed="0.035293"/>
</kw>
<arg>${BTN_AMIGOS}</arg>
<status status="PASS" start="2024-05-28T15:38:12.817737" elapsed="0.073428"/>
</kw>
<status status="PASS" start="2024-05-28T15:38:11.912977" elapsed="0.978188"/>
</kw>
<kw name="Teardown" owner="config" type="TEARDOWN">
<kw name="Run Keyword If Test Failed" owner="BuiltIn">
<arg>Capture Page Screenshot</arg>
<doc>Runs the given keyword with the given arguments, if the test failed.</doc>
<status status="PASS" start="2024-05-28T15:38:12.892164" elapsed="0.000000"/>
</kw>
<kw name="Close All Applications" owner="AppiumLibrary">
<doc>Closes all open applications.</doc>
<status status="PASS" start="2024-05-28T15:38:12.892164" elapsed="0.209529"/>
</kw>
<status status="PASS" start="2024-05-28T15:38:12.892164" elapsed="0.210038"/>
</kw>
<status status="PASS" start="2024-05-28T15:37:56.895036" elapsed="16.207166"/>
</test>
<status status="PASS" start="2024-05-28T15:37:56.714650" elapsed="16.388551"/>
</suite>
<statistics>
<total>
<stat pass="1" fail="0" skip="0">All Tests</stat>
</total>
<tag>
</tag>
<suite>
<stat pass="1" fail="0" skip="0" id="s1" name="indicacaoPage">indicacaoPage</stat>
</suite>
</statistics>
<errors>
</errors>
</robot>
